2023-04-02 21:03:28.929154 - Initialized conversion of CBT022
2023-04-02 21:03:29.862991 - Received CBT.V504.FILE022.PDS from FILE022.XMI 
2023-04-02 21:03:29.866144 - Found $$$#DATE.txt (text/plain) in CBT.V504.FILE022.PDS, moved to PDS/$$$#DATE
2023-04-02 21:03:29.867580 - Found $$$DOC.txt (text/plain) in CBT.V504.FILE022.PDS, moved to PDS/$$$DOC
2023-04-02 21:03:29.869020 - Found $$CBTDOC.txt (text/plain) in CBT.V504.FILE022.PDS, moved to PDS/$$CBTDOC
2023-04-02 21:03:29.870456 - Found $AMODGEN.txt (text/plain) in CBT.V504.FILE022.PDS, moved to PDS/$AMODGEN
2023-04-02 21:03:29.871941 - Found $ASMHCL.txt (text/plain) in CBT.V504.FILE022.PDS, moved to PDS/$ASMHCL
2023-04-02 21:03:29.873184 - Found $BROWSE.txt (text/plain) in CBT.V504.FILE022.PDS, moved to PDS/$BROWSE
2023-04-02 21:03:29.874766 - Found $COPY.txt (text/plain) in CBT.V504.FILE022.PDS, moved to PDS/$COPY
2023-04-02 21:03:29.876431 - Found $DATE.txt (text/plain) in CBT.V504.FILE022.PDS, moved to PDS/$DATE
2023-04-02 21:03:29.877676 - Found $EXEC.txt (text/plain) in CBT.V504.FILE022.PDS, moved to PDS/$EXEC
2023-04-02 21:03:29.878803 - Found $GENER.txt (text/plain) in CBT.V504.FILE022.PDS, moved to PDS/$GENER
2023-04-02 21:03:29.879963 - Found $HASPSRC.txt (text/plain) in CBT.V504.FILE022.PDS, moved to PDS/$HASPSRC
2023-04-02 21:03:29.881075 - Found $IEHMAP.txt (text/plain) in CBT.V504.FILE022.PDS, moved to PDS/$IEHMAP
2023-04-02 21:03:29.882358 - Found $JOB.txt (text/plain) in CBT.V504.FILE022.PDS, moved to PDS/$JOB
2023-04-02 21:03:29.883673 - Found $JUL.txt (text/plain) in CBT.V504.FILE022.PDS, moved to PDS/$JUL
2023-04-02 21:03:29.884789 - Found $LC.txt (text/plain) in CBT.V504.FILE022.PDS, moved to PDS/$LC
2023-04-02 21:03:29.885991 - Found $LD.txt (text/plain) in CBT.V504.FILE022.PDS, moved to PDS/$LD
2023-04-02 21:03:29.887066 - Found $LDI.txt (text/plain) in CBT.V504.FILE022.PDS, moved to PDS/$LDI
2023-04-02 21:03:29.888137 - Found $LISTLVL.txt (text/plain) in CBT.V504.FILE022.PDS, moved to PDS/$LISTLVL
2023-04-02 21:03:29.889242 - Found $LM.txt (text/plain) in CBT.V504.FILE022.PDS, moved to PDS/$LM
2023-04-02 21:03:29.890258 - Found $LS.txt (text/plain) in CBT.V504.FILE022.PDS, moved to PDS/$LS
2023-04-02 21:03:29.891268 - Found $MACLIB.txt (text/plain) in CBT.V504.FILE022.PDS, moved to PDS/$MACLIB
2023-04-02 21:03:29.892354 - Found $PEND.txt (text/plain) in CBT.V504.FILE022.PDS, moved to PDS/$PEND
2023-04-02 21:03:29.893522 - Found $PRINT.txt (text/plain) in CBT.V504.FILE022.PDS, moved to PDS/$PRINT
2023-04-02 21:03:29.894866 - Found $PROCLIB.txt (text/plain) in CBT.V504.FILE022.PDS, moved to PDS/$PROCLIB
2023-04-02 21:03:29.896073 - Found $RECEIVE.txt (text/plain) in CBT.V504.FILE022.PDS, moved to PDS/$RECEIVE
2023-04-02 21:03:29.899561 - Found $SPACE.txt (text/plain) in CBT.V504.FILE022.PDS, moved to PDS/$SPACE
2023-04-02 21:03:29.901233 - Found $STCK.txt (text/plain) in CBT.V504.FILE022.PDS, moved to PDS/$STCK
2023-04-02 21:03:29.902722 - Found $V.txt (text/plain) in CBT.V504.FILE022.PDS, moved to PDS/$V
2023-04-02 21:03:29.904153 - Found $WHO.txt (text/plain) in CBT.V504.FILE022.PDS, moved to PDS/$WHO
2023-04-02 21:03:29.905566 - Found #CATRPT.jcl (text/plain) in CBT.V504.FILE022.PDS, moved to PDS/#CATRPT
2023-04-02 21:03:29.906658 - Found #CSIRPT.jcl (text/plain) in CBT.V504.FILE022.PDS, moved to PDS/#CSIRPT
2023-04-02 21:03:29.907989 - Found #PARMLIB.jcl (text/plain) in CBT.V504.FILE022.PDS, moved to PDS/#PARMLIB
2023-04-02 21:03:29.909172 - Found #PROCLIB.jcl (text/plain) in CBT.V504.FILE022.PDS, moved to PDS/#PROCLIB
2023-04-02 21:03:29.910261 - Found #RACF.jcl (text/plain) in CBT.V504.FILE022.PDS, moved to PDS/#RACF
2023-04-02 21:03:29.911869 - Found #SMFRPT.jcl (text/plain) in CBT.V504.FILE022.PDS, moved to PDS/#SMFRPT
2023-04-02 21:03:29.913251 - Found #VTOCS.jcl (text/plain) in CBT.V504.FILE022.PDS, moved to PDS/#VTOCS
2023-04-02 21:03:29.914540 - Found @FILE022.txt (text/plain) in CBT.V504.FILE022.PDS, moved to PDS/@FILE022
2023-04-02 21:03:29.915927 - Found ADRMCLC$.txt (text/plain) in CBT.V504.FILE022.PDS, moved to PDS/ADRMCLC$
2023-04-02 21:03:29.917429 - Found ADRMCLV#.jcl (text/plain) in CBT.V504.FILE022.PDS, moved to PDS/ADRMCLV#
2023-04-02 21:03:29.918587 - Found ADRMCLVL.txt (text/plain) in CBT.V504.FILE022.PDS, moved to PDS/ADRMCLVL
2023-04-02 21:03:29.919812 - Found AUTHOR.txt (text/plain) in CBT.V504.FILE022.PDS, moved to PDS/AUTHOR
2023-04-02 21:03:29.920992 - Found BINTIME.txt (text/plain) in CBT.V504.FILE022.PDS, moved to PDS/BINTIME
2023-04-02 21:03:29.922113 - Found CATSTRI#.jcl (text/plain) in CBT.V504.FILE022.PDS, moved to PDS/CATSTRI#
2023-04-02 21:03:29.923628 - Found CATSTRIP.txt (text/plain) in CBT.V504.FILE022.PDS, moved to PDS/CATSTRIP
2023-04-02 21:03:29.924807 - Found CENTER.txt (text/plain) in CBT.V504.FILE022.PDS, moved to PDS/CENTER
2023-04-02 21:03:29.925936 - Found CLEAR.txt (text/plain) in CBT.V504.FILE022.PDS, moved to PDS/CLEAR
2023-04-02 21:03:29.927120 - Found CLISTSOE.txt (text/plain) in CBT.V504.FILE022.PDS, moved to PDS/CLISTSOE
2023-04-02 21:03:29.928413 - Found CPUTIME.txt (text/plain) in CBT.V504.FILE022.PDS, moved to PDS/CPUTIME
2023-04-02 21:03:29.929935 - Found DATE$.txt (text/plain) in CBT.V504.FILE022.PDS, moved to PDS/DATE$
2023-04-02 21:03:29.931300 - Found DATERC.txt (text/plain) in CBT.V504.FILE022.PDS, moved to PDS/DATERC
2023-04-02 21:03:29.932486 - Found DATERC#.jcl (text/plain) in CBT.V504.FILE022.PDS, moved to PDS/DATERC#
2023-04-02 21:03:29.933612 - Found DATE133.jcl (text/plain) in CBT.V504.FILE022.PDS, moved to PDS/DATE133
2023-04-02 21:03:29.934581 - Found DATE80.jcl (text/plain) in CBT.V504.FILE022.PDS, moved to PDS/DATE80
2023-04-02 21:03:29.936104 - Found DI215.txt (text/plain) in CBT.V504.FILE022.PDS, moved to PDS/DI215
2023-04-02 21:03:29.937563 - Found DI215#.jcl (text/plain) in CBT.V504.FILE022.PDS, moved to PDS/DI215#
2023-04-02 21:03:29.938711 - Found DUMPSCA#.jcl (text/plain) in CBT.V504.FILE022.PDS, moved to PDS/DUMPSCA#
2023-04-02 21:03:29.939874 - Found DUMPSCAN.txt (text/plain) in CBT.V504.FILE022.PDS, moved to PDS/DUMPSCAN
2023-04-02 21:03:29.940869 - Found GETJOBNM.txt (text/plain) in CBT.V504.FILE022.PDS, moved to PDS/GETJOBNM
2023-04-02 21:03:29.942024 - Found ICHRIN#.txt (text/plain) in CBT.V504.FILE022.PDS, moved to PDS/ICHRIN#
2023-04-02 21:03:29.943226 - Found ICHRIN03.txt (text/plain) in CBT.V504.FILE022.PDS, moved to PDS/ICHRIN03
2023-04-02 21:03:29.944967 - Found IDMSLOG#.jcl (text/plain) in CBT.V504.FILE022.PDS, moved to PDS/IDMSLOG#
2023-04-02 21:03:29.946164 - Found IDMSLOGS.txt (text/plain) in CBT.V504.FILE022.PDS, moved to PDS/IDMSLOGS
2023-04-02 21:03:29.947659 - Found JOBSTAT.txt (text/plain) in CBT.V504.FILE022.PDS, moved to PDS/JOBSTAT
2023-04-02 21:03:29.948897 - Found JOBSTAT#.jcl (text/plain) in CBT.V504.FILE022.PDS, moved to PDS/JOBSTAT#
2023-04-02 21:03:29.950341 - Found JULDATE.txt (text/plain) in CBT.V504.FILE022.PDS, moved to PDS/JULDATE
2023-04-02 21:03:29.951730 - Found JULSUB.jcl (text/plain) in CBT.V504.FILE022.PDS, moved to PDS/JULSUB
2023-04-02 21:03:29.952999 - Found MODE.txt (text/plain) in CBT.V504.FILE022.PDS, moved to PDS/MODE
2023-04-02 21:03:29.954221 - Found MRGJNLO#.jcl (text/plain) in CBT.V504.FILE022.PDS, moved to PDS/MRGJNLO#
2023-04-02 21:03:29.955256 - Found MRGJNLOG.txt (text/plain) in CBT.V504.FILE022.PDS, moved to PDS/MRGJNLOG
2023-04-02 21:03:29.956472 - Found PARMPASS.txt (text/plain) in CBT.V504.FILE022.PDS, moved to PDS/PARMPASS
2023-04-02 21:03:29.957928 - Found PUTCVRL.txt (text/plain) in CBT.V504.FILE022.PDS, moved to PDS/PUTCVRL
2023-04-02 21:03:29.959115 - Found PUTCVRL#.jcl (text/plain) in CBT.V504.FILE022.PDS, moved to PDS/PUTCVRL#
2023-04-02 21:03:29.960411 - Found RACFPGM.txt (text/plain) in CBT.V504.FILE022.PDS, moved to PDS/RACFPGM
2023-04-02 21:03:29.961754 - Found RACFST.txt (text/plain) in CBT.V504.FILE022.PDS, moved to PDS/RACFST
2023-04-02 21:03:29.963027 - Found RACFST#.jcl (text/plain) in CBT.V504.FILE022.PDS, moved to PDS/RACFST#
2023-04-02 21:03:29.964212 - Found REGS.txt (text/plain) in CBT.V504.FILE022.PDS, moved to PDS/REGS
2023-04-02 21:03:29.965183 - Found REGSX.txt (text/plain) in CBT.V504.FILE022.PDS, moved to PDS/REGSX
2023-04-02 21:03:29.966204 - Found RESCUE.txt (text/plain) in CBT.V504.FILE022.PDS, moved to PDS/RESCUE
2023-04-02 21:03:29.967179 - Found RESCUE#.jcl (text/plain) in CBT.V504.FILE022.PDS, moved to PDS/RESCUE#
2023-04-02 21:03:29.968716 - Found ROUTDESC.txt (text/plain) in CBT.V504.FILE022.PDS, moved to PDS/ROUTDESC
2023-04-02 21:03:29.970036 - Found SASCATS.jcl (text/plain) in CBT.V504.FILE022.PDS, moved to PDS/SASCATS
2023-04-02 21:03:29.971114 - Found SASCATSM.txt (text/plain) in CBT.V504.FILE022.PDS, moved to PDS/SASCATSM
2023-04-02 21:03:29.972190 - Found SASCATSR.jcl (text/plain) in CBT.V504.FILE022.PDS, moved to PDS/SASCATSR
2023-04-02 21:03:29.973681 - Found SASCSI.jcl (text/plain) in CBT.V504.FILE022.PDS, moved to PDS/SASCSI
2023-04-02 21:03:29.975023 - Found SASDDDEF.txt (text/plain) in CBT.V504.FILE022.PDS, moved to PDS/SASDDDEF
2023-04-02 21:03:29.976183 - Found SASEXPL.txt (text/plain) in CBT.V504.FILE022.PDS, moved to PDS/SASEXPL
2023-04-02 21:03:29.977534 - Found SASNLDM.jcl (text/plain) in CBT.V504.FILE022.PDS, moved to PDS/SASNLDM
2023-04-02 21:03:29.978538 - Found SASSMF3R.jcl (text/plain) in CBT.V504.FILE022.PDS, moved to PDS/SASSMF3R
2023-04-02 21:03:29.979496 - Found SASSMF30.txt (text/plain) in CBT.V504.FILE022.PDS, moved to PDS/SASSMF30
2023-04-02 21:03:29.980872 - Found SASSMP.jcl (text/plain) in CBT.V504.FILE022.PDS, moved to PDS/SASSMP
2023-04-02 21:03:29.982496 - Found SASTIMES.txt (text/plain) in CBT.V504.FILE022.PDS, moved to PDS/SASTIMES
2023-04-02 21:03:29.983816 - Found SASTMS.jcl (text/plain) in CBT.V504.FILE022.PDS, moved to PDS/SASTMS
2023-04-02 21:03:29.984908 - Found SASVTOC.txt (text/plain) in CBT.V504.FILE022.PDS, moved to PDS/SASVTOC
2023-04-02 21:03:29.986179 - Found SAS30M.txt (text/plain) in CBT.V504.FILE022.PDS, moved to PDS/SAS30M
2023-04-02 21:03:29.987406 - Found SMF5.txt (text/plain) in CBT.V504.FILE022.PDS, moved to PDS/SMF5
2023-04-02 21:03:29.988477 - Found SMF5#.jcl (text/plain) in CBT.V504.FILE022.PDS, moved to PDS/SMF5#
2023-04-02 21:03:29.989765 - Found SMPELIS#.jcl (text/plain) in CBT.V504.FILE022.PDS, moved to PDS/SMPELIS#
2023-04-02 21:03:29.990905 - Found SMPELIST.txt (text/plain) in CBT.V504.FILE022.PDS, moved to PDS/SMPELIST
2023-04-02 21:03:29.992051 - Found SMPPRE.txt (text/plain) in CBT.V504.FILE022.PDS, moved to PDS/SMPPRE
2023-04-02 21:03:29.993360 - Found SYSLOC.txt (text/plain) in CBT.V504.FILE022.PDS, moved to PDS/SYSLOC
2023-04-02 21:03:29.994497 - Found SYSLOG.txt (text/plain) in CBT.V504.FILE022.PDS, moved to PDS/SYSLOG
2023-04-02 21:03:29.995475 - Found SYSLOG$.txt (text/plain) in CBT.V504.FILE022.PDS, moved to PDS/SYSLOG$
2023-04-02 21:03:29.996392 - Found SYSLOG$$.txt (text/plain) in CBT.V504.FILE022.PDS, moved to PDS/SYSLOG$$
2023-04-02 21:03:29.997352 - Found SYSLOG#.jcl (text/plain) in CBT.V504.FILE022.PDS, moved to PDS/SYSLOG#
2023-04-02 21:03:29.998297 - Found SYSLOG##.jcl (text/plain) in CBT.V504.FILE022.PDS, moved to PDS/SYSLOG##
2023-04-02 21:03:30.000117 - Found SYSTAT.txt (text/plain) in CBT.V504.FILE022.PDS, moved to PDS/SYSTAT
2023-04-02 21:03:30.001331 - Found SYSTAT$.txt (text/plain) in CBT.V504.FILE022.PDS, moved to PDS/SYSTAT$
2023-04-02 21:03:30.002290 - Found SYSTAT#.jcl (text/plain) in CBT.V504.FILE022.PDS, moved to PDS/SYSTAT#
2023-04-02 21:03:30.003213 - Found TESTOPEN.txt (text/plain) in CBT.V504.FILE022.PDS, moved to PDS/TESTOPEN
2023-04-02 21:03:30.004442 - Found TRANSL.jcl (text/plain) in CBT.V504.FILE022.PDS, moved to PDS/TRANSL
2023-04-02 21:03:30.005476 - Found UCBJCL.txt (text/plain) in CBT.V504.FILE022.PDS, moved to PDS/UCBJCL
2023-04-02 21:03:30.006405 - Found UCBJCL#.jcl (text/plain) in CBT.V504.FILE022.PDS, moved to PDS/UCBJCL#
2023-04-02 21:03:30.007585 - Found UCBSCAN.txt (text/plain) in CBT.V504.FILE022.PDS, moved to PDS/UCBSCAN
2023-04-02 21:03:30.008790 - Found UCBSCAN$.txt (text/plain) in CBT.V504.FILE022.PDS, moved to PDS/UCBSCAN$
2023-04-02 21:03:30.009754 - Found UCBSCAN#.jcl (text/plain) in CBT.V504.FILE022.PDS, moved to PDS/UCBSCAN#
2023-04-02 21:03:30.010741 - Found UCBSCAN@.txt (text/plain) in CBT.V504.FILE022.PDS, moved to PDS/UCBSCAN@
2023-04-02 21:03:30.011661 - Found UCBSVC#.jcl (text/plain) in CBT.V504.FILE022.PDS, moved to PDS/UCBSVC#
2023-04-02 21:03:30.012666 - Found UCBSVC78.txt (text/plain) in CBT.V504.FILE022.PDS, moved to PDS/UCBSVC78
2023-04-02 21:03:30.013592 - Found UCBTYPES.txt (text/plain) in CBT.V504.FILE022.PDS, moved to PDS/UCBTYPES
2023-04-02 21:03:30.014581 - Found WEEKLY.jcl (text/plain) in CBT.V504.FILE022.PDS, moved to PDS/WEEKLY
2023-04-02 21:03:30.015517 - Found WTONROL#.jcl (text/plain) in CBT.V504.FILE022.PDS, moved to PDS/WTONROL#
2023-04-02 21:03:30.016858 - Found WTONROLL.txt (text/plain) in CBT.V504.FILE022.PDS, moved to PDS/WTONROLL
